# JRE version: OpenJDK Runtime Environment (17.0.6) (build 17.0.6+0-b2043.56-9586694)
# Java VM: OpenJDK 64-Bit Server VM (17.0.6+0-b2043.56-9586694, mixed mode, tiered, compressed oops, compressed class ptrs, g1 gc, windows-amd64)
GC Precious Log:
 CPUs: 8 total, 8 available
 Memory: 8079M
 Large Page Support: Disabled
 NUMA Support: Disabled
 Compressed Oops: Enabled (32-bit)
 Heap Region Size: 1M
 Heap Min Capacity: 8M
 Heap Initial Capacity: 128M
 Heap Max Capacity: 2G
 Pre-touch: Disabled
 Parallel Workers: 8
 Concurrent Workers: 2
 Concurrent Refinement Workers: 8
 Periodic GC: Disabled
Heap:
 garbage-first heap   total 188416K, used 109920K [0x0000000080000000, 0x0000000100000000)
  region size 1024K, 7 young (7168K), 7 survivors (7168K)
 Metaspace       used 102283K, committed 102976K, reserved 1138688K
  class space    used 13801K, committed 14080K, reserved 1048576K
GC Heap History (20 events):
Event: 25.223 GC heap after
{Heap after GC invocations=43 (full 0):
 garbage-first heap   total 133120K, used 76107K [0x0000000080000000, 0x0000000100000000)
  region size 1024K, 3 young (3072K), 3 survivors (3072K)
 Metaspace       used 89221K, committed 89856K, reserved 1130496K
  class space    used 12231K, committed 12544K, reserved 1048576K
}
Event: 25.598 GC heap before
{Heap before GC invocations=43 (full 0):
 garbage-first heap   total 133120K, used 106827K [0x0000000080000000, 0x0000000100000000)
  region size 1024K, 34 young (34816K), 3 survivors (3072K)
 Metaspace       used 89681K, committed 90304K, reserved 1130496K
  class space    used 12319K, committed 12608K, reserved 1048576K
}
Event: 25.603 GC heap after
{Heap after GC invocations=44 (full 0):
 garbage-first heap   total 159744K, used 78123K [0x0000000080000000, 0x0000000100000000)
  region size 1024K, 5 young (5120K), 5 survivors (5120K)
 Metaspace       used 89681K, committed 90304K, reserved 1130496K
  class space    used 12319K, committed 12608K, reserved 1048576K
}
Event: 26.371 GC heap before
{Heap before GC invocations=45 (full 0):
 garbage-first heap   total 159744K, used 128299K [0x0000000080000000, 0x0000000100000000)
  region size 1024K, 53 young (54272K), 5 survivors (5120K)
 Metaspace       used 93304K, committed 93888K, reserved 1130496K
  class space    used 12741K, committed 12992K, reserved 1048576K
}
Event: 26.389 GC heap after
{Heap after GC invocations=46 (full 0):
 garbage-first heap   total 159744K, used 93283K [0x0000000080000000, 0x0000000100000000)
  region size 1024K, 7 young (7168K), 7 survivors (7168K)
 Metaspace       used 93304K, committed 93888K, reserved 1130496K
  class space    used 12741K, committed 12992K, reserved 1048576K
}
Event: 26.400 GC heap before
{Heap before GC invocations=46 (full 0):
 garbage-first heap   total 159744K, used 94307K [0x0000000080000000, 0x0000000100000000)
  region size 1024K, 8 young (8192K), 7 survivors (7168K)
 Metaspace       used 93346K, committed 93952K, reserved 1130496K
  class space    used 12746K, committed 12992K, reserved 1048576K
}
Event: 26.408 GC heap after
{Heap after GC invocations=47 (full 0):
 garbage-first heap   total 159744K, used 94606K [0x0000000080000000, 0x0000000100000000)
  region size 1024K, 1 young (1024K), 1 survivors (1024K)
 Metaspace       used 93346K, committed 93952K, reserved 1130496K
  class space    used 12746K, committed 12992K, reserved 1048576K
}
Event: 26.684 GC heap before
{Heap before GC invocations=47 (full 0):
 garbage-first heap   total 159744K, used 116110K [0x0000000080000000, 0x0000000100000000)
  region size 1024K, 24 young (24576K), 1 survivors (1024K)
 Metaspace       used 93905K, committed 94592K, reserved 1130496K
  class space    used 12802K, committed 13120K, reserved 1048576K
}
Event: 26.696 GC heap after
{Heap after GC invocations=48 (full 0):
 garbage-first heap   total 159744K, used 103353K [0x0000000080000000, 0x0000000100000000)
  region size 1024K, 4 young (4096K), 4 survivors (4096K)
 Metaspace       used 93905K, committed 94592K, reserved 1130496K
  class space    used 12802K, committed 13120K, reserved 1048576K
}
Event: 28.109 GC heap before
{Heap before GC invocations=49 (full 0):
 garbage-first heap   total 188416K, used 140217K [0x0000000080000000, 0x0000000100000000)
  region size 1024K, 20 young (20480K), 4 survivors (4096K)
 Metaspace       used 96275K, committed 96960K, reserved 1138688K
  class space    used 13051K, committed 13376K, reserved 1048576K
}
Event: 28.121 GC heap after
{Heap after GC invocations=50 (full 0):
 garbage-first heap   total 188416K, used 104413K [0x0000000080000000, 0x0000000100000000)
  region size 1024K, 1 young (1024K), 1 survivors (1024K)
 Metaspace       used 96275K, committed 96960K, reserved 1138688K
  class space    used 13051K, committed 13376K, reserved 1048576K
}
Event: 28.377 GC heap before
{Heap before GC invocations=50 (full 0):
 garbage-first heap   total 188416K, used 111581K [0x0000000080000000, 0x0000000100000000)
  region size 1024K, 9 young (9216K), 1 survivors (1024K)
 Metaspace       used 96617K, committed 97216K, reserved 1138688K
  class space    used 13087K, committed 13376K, reserved 1048576K
}
Event: 28.381 GC heap after
{Heap after GC invocations=51 (full 0):
 garbage-first heap   total 188416K, used 104805K [0x0000000080000000, 0x0000000100000000)
  region size 1024K, 2 young (2048K), 2 survivors (2048K)
 Metaspace       used 96617K, committed 97216K, reserved 1138688K
  class space    used 13087K, committed 13376K, reserved 1048576K
}
Event: 30.795 GC heap before
{Heap before GC invocations=51 (full 0):
 garbage-first heap   total 188416K, used 146789K [0x0000000080000000, 0x0000000100000000)
  region size 1024K, 44 young (45056K), 2 survivors (2048K)
 Metaspace       used 97580K, committed 98304K, reserved 1138688K
  class space    used 13175K, committed 13504K, reserved 1048576K
}
Event: 30.802 GC heap after
{Heap after GC invocations=52 (full 0):
 garbage-first heap   total 188416K, used 107576K [0x0000000080000000, 0x0000000100000000)
  region size 1024K, 5 young (5120K), 5 survivors (5120K)
 Metaspace       used 97580K, committed 98304K, reserved 1138688K
  class space    used 13175K, committed 13504K, reserved 1048576K
}
Event: 31.571 GC heap before
{Heap before GC invocations=53 (full 0):
 garbage-first heap   total 188416K, used 148536K [0x0000000080000000, 0x0000000100000000)
  region size 1024K, 47 young (48128K), 5 survivors (5120K)
 Metaspace       used 99684K, committed 100352K, reserved 1138688K
  class space    used 13456K, committed 13760K, reserved 1048576K
}
Event: 31.580 GC heap after
{Heap after GC invocations=54 (full 0):
 garbage-first heap   total 188416K, used 109135K [0x0000000080000000, 0x0000000100000000)
  region size 1024K, 3 young (3072K), 3 survivors (3072K)
 Metaspace       used 99684K, committed 100352K, reserved 1138688K
  class space    used 13456K, committed 13760K, reserved 1048576K
}
Event: 31.632 GC heap before
{Heap before GC invocations=54 (full 0):
 garbage-first heap   total 188416K, used 114255K [0x0000000080000000, 0x0000000100000000)
  region size 1024K, 9 young (9216K), 3 survivors (3072K)
 Metaspace       used 99866K, committed 100480K, reserved 1138688K
  class space    used 13478K, committed 13760K, reserved 1048576K
}
Event: 31.638 GC heap after
{Heap after GC invocations=55 (full 0):
 garbage-first heap   total 188416K, used 102769K [0x0000000080000000, 0x0000000100000000)
  region size 1024K, 1 young (1024K), 1 survivors (1024K)
 Metaspace       used 99866K, committed 100480K, reserved 1138688K
  class space    used 13478K, committed 13760K, reserved 1048576K
}
Event: 35.548 GC heap before
{Heap before GC invocations=55 (full 0):
 garbage-first heap   total 188416K, used 151921K [0x0000000080000000, 0x0000000100000000)
  region size 1024K, 50 young (51200K), 1 survivors (1024K)
 Metaspace       used 102283K, committed 102976K, reserved 1138688K
  class space    used 13801K, committed 14080K, reserved 1048576K
}

